<?xml version="1.0" encoding="UTF-8"?>
<!-- Generated by org.testng.reporters.JUnitReportReporter -->
<testsuite hostname="KTLKDIOT-L135" failures="0" tests="6" name="KloudqTechnologies.tests.AdminTest" time="5.748" errors="0" timestamp="2023-08-16T14:54:08 IST" skipped="0">
  <testcase classname="KloudqTechnologies.tests.AdminTest" name="Login" time="5.741"/>
  <testcase classname="KloudqTechnologies.tests.AdminTest" name="LiveMap" time="0.002"/>
  <testcase classname="KloudqTechnologies.tests.AdminTest" name="Replay" time="0.001"/>
  <testcase classname="KloudqTechnologies.tests.AdminTest" name="Trends" time="0.001"/>
  <testcase classname="KloudqTechnologies.tests.AdminTest" name="Administrator" time="0.001"/>
  <testcase classname="KloudqTechnologies.tests.AdminTest" name="Reports" time="0.002"/>
</testsuite> <!-- KloudqTechnologies.tests.AdminTest -->
