<?xml version="1.0" encoding="UTF-8"?>
<!-- Generated by org.testng.reporters.JUnitReportReporter -->
<testsuite hostname="KTLKDIOT-L135" failures="0" tests="6" name="KloudqTechnologies.tests.AdminTestEVPOC" time="19.942" errors="0" timestamp="2023-08-24T15:01:27 IST" skipped="0">
  <testcase classname="KloudqTechnologies.tests.AdminTestEVPOC" name="Login" time="19.932"/>
  <testcase classname="KloudqTechnologies.tests.AdminTestEVPOC" name="LiveMap" time="0.002"/>
  <testcase classname="KloudqTechnologies.tests.AdminTestEVPOC" name="Replay" time="0.003"/>
  <testcase classname="KloudqTechnologies.tests.AdminTestEVPOC" name="Trends" time="0.003"/>
  <testcase classname="KloudqTechnologies.tests.AdminTestEVPOC" name="Administrator" time="0.000"/>
  <testcase classname="KloudqTechnologies.tests.AdminTestEVPOC" name="Reports" time="0.002"/>
</testsuite> <!-- KloudqTechnologies.tests.AdminTestEVPOC -->
